<?xml version="1.0" encoding="UTF-8"?>
<!-- Generated by org.testng.reporters.JUnitXMLReporter -->
<testsuite hostname="KULANDASAMYC" name="Default test" tests="4" failures="0" timestamp="21 May 2019 11:04:07 GMT" time="44.934" errors="0">
  <testcase name="A_HTMLProdConfig" time="37.856" classname="RegOnly_Show_1.G_HTML_Production_Config"/>
  <testcase name="B_ConfigureAttendeeConfirmation" time="3.019" classname="RegOnly_Show_1.G_HTML_Production_Config"/>
  <testcase name="C_ConfigureExhibitorConfirmation" time="2.343" classname="RegOnly_Show_1.G_HTML_Production_Config"/>
  <testcase name="D_ConfigureInviteFriend" time="1.664" classname="RegOnly_Show_1.G_HTML_Production_Config"/>
</testsuite> <!-- Default test -->
