<?xml version="1.0" encoding="UTF-8"?>
<!-- Generated by org.testng.reporters.JUnitXMLReporter -->
<testsuite hostname="MISHRAM" ignored="0" name="Test A2" tests="2" failures="0" timestamp="22 Feb 2017 10:45:15 GMT" time="0.014" errors="0">
  <testcase name="@BeforeSuite checkSuiteSkip" time="0.0" classname="showbuild.suiteA.TestSuiteBase">
    <failure type="java.lang.NullPointerException">
      <![CDATA[java.lang.NullPointerException
	at showbuild.util.TestUtil.isSuiteRunnable(TestUtil.java:9)
	at showbuild.suiteA.TestSuiteBase.checkSuiteSkip(TestSuiteBase.java:15)
... Removed 20 stack frames]]>
    </failure>
  </testcase> <!-- @BeforeSuite checkSuiteSkip -->
  <testcase name="@BeforeTest checkTestSkip" time="0.0" classname="showbuild.suiteA.Create_ShowCode">
    <skipped/>
  </testcase> <!-- @BeforeTest checkTestSkip -->
  <testcase name="testcase_CreateShow" time="0.0" classname="showbuild.suiteA.Create_ShowCode">
    <skipped/>
  </testcase> <!-- testcase_CreateShow -->
  <testcase name="testcase_CreateShow" time="0.0" classname="showbuild.suiteA.Create_ShowCode">
    <skipped/>
  </testcase> <!-- testcase_CreateShow -->
</testsuite> <!-- Test A2 -->
